2025-08-28 23:48:39,620 - main - ERROR - Failed to connect to Neo4j: Couldn't connect to neo4j:7687 (resolved to ()):
Failed to establish connection to ResolvedIPv4Address(('172.22.0.2', 7687)) (reason [Errno 111] Connection refused)
2025-08-28 23:51:01,745 - main - INFO - Connected to Neo4j
2025-08-29 00:26:24,393 - main - INFO - Database connection closed
2025-08-29 00:26:24,744 - main - INFO - Connected to Neo4j
2025-08-29 00:29:35,451 - main - INFO - Database connection closed
2025-08-29 00:29:35,778 - main - INFO - Connected to Neo4j
2025-08-29 00:30:25,477 - main - INFO - Database connection closed
2025-08-29 00:30:25,800 - main - INFO - Connected to Neo4j
2025-08-29 00:31:12,241 - main - INFO - Database connection closed
2025-08-29 00:31:12,561 - main - INFO - Connected to Neo4j
2025-08-29 00:31:55,905 - main - INFO - Database connection closed
2025-08-29 00:31:56,200 - main - INFO - Connected to Neo4j
2025-08-29 00:34:47,475 - main - INFO - Database connection closed
2025-08-29 00:34:47,790 - main - INFO - Connected to Neo4j
2025-08-29 00:36:08,986 - main - INFO - Database connection closed
2025-08-29 00:36:09,315 - main - INFO - Connected to Neo4j
2025-08-29 00:37:13,324 - main - INFO - Database connection closed
2025-08-29 00:37:13,633 - main - INFO - Connected to Neo4j
2025-08-29 00:37:47,412 - main - INFO - Database connection closed
2025-08-29 00:37:47,716 - main - INFO - Connected to Neo4j
2025-08-29 00:42:43,757 - main - INFO - Database connection closed
2025-08-29 00:42:44,074 - main - INFO - Connected to Neo4j
2025-08-29 01:37:15,737 - main - INFO - Database connection closed
2025-08-29 01:37:16,124 - main - INFO - Connected to Neo4j
2025-08-29 01:37:50,217 - main - INFO - Connected to Neo4j
2025-08-29 01:38:17,456 - main - INFO - Connected to Neo4j
2025-08-29 01:38:39,448 - main - INFO - Connected to Neo4j
2025-08-29 01:42:57,165 - main - INFO - Connected to Neo4j
2025-08-29 01:43:09,984 - main - INFO - Connected to Neo4j
2025-08-29 01:43:27,594 - main - INFO - Connected to Neo4j
2025-08-29 01:45:03,053 - main - INFO - Database connection closed
2025-08-29 01:45:15,800 - main - ERROR - Failed to connect to Neo4j: Couldn't connect to neo4j:7687 (resolved to ()):
Failed to establish connection to ResolvedIPv4Address(('172.19.0.2', 7687)) (reason [Errno 111] Connection refused)
2025-08-29 01:45:15,800 - main - WARNING - Starting in offline mode - database operations will fail
2025-08-29 02:43:29,974 - main - INFO - Database connection closed
2025-08-29 02:43:30,298 - main - INFO - Connected to Neo4j
